<?xml version="1.0" encoding="UTF-8"?>
<!-- Generated by org.testng.reporters.JUnitXMLReporter -->
<testsuite hostname="LAPTOP-T0DND7TF" failures="0" tests="5" name="Default test" time="27.199" errors="0" timestamp="21 Feb 2024 17:53:56 GMT">
  <testcase classname="extent_report.extent" name="checkboxTest" time="3.634"/>
  <testcase classname="extent_report.extent" name="checkbox_test" time="0.106"/>
  <testcase classname="extent_report.extent" name="checkbox_test2" time="0.166"/>
  <testcase classname="extent_report.extent" name="radio_button_test" time="0.229"/>
  <testcase classname="extent_report.extent" name="textbox_test" time="0.197"/>
</testsuite> <!-- Default test -->
