<?xml version="1.0" encoding="UTF-8"?>
<testng-results total="5" passed="5" failed="0" skipped="0">
  <reporter-output>
  </reporter-output>
  <suite started-at="2024-02-21T17:53:28Z" name="Default suite" finished-at="2024-02-21T17:53:56Z" duration-ms="27199">
    <groups>
      <group name="Regression">
        <method signature="extent.checkboxTest()[pri:0, instance:extent_report.extent@70cf32e3]" name="checkboxTest" class="extent_report.extent"/>
      </group> <!-- Regression -->
      <group name="smoke">
        <method signature="extent.radio_button_test()[pri:0, instance:extent_report.extent@70cf32e3]" name="radio_button_test" class="extent_report.extent"/>
        <method signature="extent.textbox_test()[pri:0, instance:extent_report.extent@70cf32e3]" name="textbox_test" class="extent_report.extent"/>
      </group> <!-- smoke -->
      <group name="sanity">
        <method signature="extent.checkbox_test()[pri:0, instance:extent_report.extent@70cf32e3]" name="checkbox_test" class="extent_report.extent"/>
        <method signature="extent.checkbox_test2()[pri:0, instance:extent_report.extent@70cf32e3]" name="checkbox_test2" class="extent_report.extent"/>
      </group> <!-- sanity -->
    </groups>
    <test started-at="2024-02-21T17:53:28Z" name="Default test" finished-at="2024-02-21T17:53:56Z" duration-ms="27199">
      <class name="extent_report.extent">
        <test-method is-config="true" signature="reportconfig()[pri:0, instance:extent_report.extent@70cf32e3]" started-at="2024-02-21T23:23:28Z" name="reportconfig" finished-at="2024-02-21T23:23:29Z" duration-ms="264" status="PASS">
          <reporter-output>
          </reporter-output>
        </test-method> <!-- reportconfig -->
        <test-method is-config="true" signature="setup()[pri:0, instance:extent_report.extent@70cf32e3]" started-at="2024-02-21T23:23:29Z" name="setup" finished-at="2024-02-21T23:23:35Z" duration-ms="6352" status="PASS">
          <reporter-output>
          </reporter-output>
        </test-method> <!-- setup -->
        <test-method signature="checkboxTest()[pri:0, instance:extent_report.extent@70cf32e3]" started-at="2024-02-21T23:23:35Z" name="checkboxTest" finished-at="2024-02-21T23:23:39Z" duration-ms="3634" status="PASS">
          <reporter-output>
          </reporter-output>
        </test-method> <!-- checkboxTest -->
        <test-method is-config="true" signature="teardown()[pri:0, instance:extent_report.extent@70cf32e3]" started-at="2024-02-21T23:23:39Z" name="teardown" finished-at="2024-02-21T23:23:39Z" duration-ms="261" status="PASS">
          <reporter-output>
          </reporter-output>
        </test-method> <!-- teardown -->
        <test-method is-config="true" signature="setup()[pri:0, instance:extent_report.extent@70cf32e3]" started-at="2024-02-21T23:23:39Z" name="setup" finished-at="2024-02-21T23:23:43Z" duration-ms="3983" status="PASS">
          <reporter-output>
          </reporter-output>
        </test-method> <!-- setup -->
        <test-method signature="checkbox_test()[pri:0, instance:extent_report.extent@70cf32e3]" started-at="2024-02-21T23:23:43Z" name="checkbox_test" finished-at="2024-02-21T23:23:43Z" duration-ms="106" status="PASS">
          <reporter-output>
          </reporter-output>
        </test-method> <!-- checkbox_test -->
        <test-method is-config="true" signature="teardown()[pri:0, instance:extent_report.extent@70cf32e3]" started-at="2024-02-21T23:23:43Z" name="teardown" finished-at="2024-02-21T23:23:43Z" duration-ms="244" status="PASS">
          <reporter-output>
          </reporter-output>
        </test-method> <!-- teardown -->
        <test-method is-config="true" signature="setup()[pri:0, instance:extent_report.extent@70cf32e3]" started-at="2024-02-21T23:23:43Z" name="setup" finished-at="2024-02-21T23:23:47Z" duration-ms="3184" status="PASS">
          <reporter-output>
          </reporter-output>
        </test-method> <!-- setup -->
        <test-method signature="checkbox_test2()[pri:0, instance:extent_report.extent@70cf32e3]" started-at="2024-02-21T23:23:47Z" name="checkbox_test2" finished-at="2024-02-21T23:23:47Z" duration-ms="166" status="PASS">
          <reporter-output>
          </reporter-output>
        </test-method> <!-- checkbox_test2 -->
        <test-method is-config="true" signature="teardown()[pri:0, instance:extent_report.extent@70cf32e3]" started-at="2024-02-21T23:23:47Z" name="teardown" finished-at="2024-02-21T23:23:47Z" duration-ms="232" status="PASS">
          <reporter-output>
          </reporter-output>
        </test-method> <!-- teardown -->
        <test-method is-config="true" signature="setup()[pri:0, instance:extent_report.extent@70cf32e3]" started-at="2024-02-21T23:23:47Z" name="setup" finished-at="2024-02-21T23:23:51Z" duration-ms="4285" status="PASS">
          <reporter-output>
          </reporter-output>
        </test-method> <!-- setup -->
        <test-method signature="radio_button_test()[pri:0, instance:extent_report.extent@70cf32e3]" started-at="2024-02-21T23:23:51Z" name="radio_button_test" finished-at="2024-02-21T23:23:51Z" duration-ms="229" status="PASS">
          <reporter-output>
          </reporter-output>
        </test-method> <!-- radio_button_test -->
        <test-method is-config="true" signature="teardown()[pri:0, instance:extent_report.extent@70cf32e3]" started-at="2024-02-21T23:23:51Z" name="teardown" finished-at="2024-02-21T23:23:52Z" duration-ms="232" status="PASS">
          <reporter-output>
          </reporter-output>
        </test-method> <!-- teardown -->
        <test-method is-config="true" signature="setup()[pri:0, instance:extent_report.extent@70cf32e3]" started-at="2024-02-21T23:23:52Z" name="setup" finished-at="2024-02-21T23:23:55Z" duration-ms="3319" status="PASS">
          <reporter-output>
          </reporter-output>
        </test-method> <!-- setup -->
        <test-method signature="textbox_test()[pri:0, instance:extent_report.extent@70cf32e3]" started-at="2024-02-21T23:23:55Z" name="textbox_test" finished-at="2024-02-21T23:23:55Z" duration-ms="197" status="PASS">
          <reporter-output>
          </reporter-output>
        </test-method> <!-- textbox_test -->
        <test-method is-config="true" signature="teardown()[pri:0, instance:extent_report.extent@70cf32e3]" started-at="2024-02-21T23:23:55Z" name="teardown" finished-at="2024-02-21T23:23:55Z" duration-ms="245" status="PASS">
          <reporter-output>
          </reporter-output>
        </test-method> <!-- teardown -->
        <test-method is-config="true" signature="setdown()[pri:0, instance:extent_report.extent@70cf32e3]" started-at="2024-02-21T23:23:55Z" name="setdown" finished-at="2024-02-21T23:23:56Z" duration-ms="238" status="PASS">
          <reporter-output>
          </reporter-output>
        </test-method> <!-- setdown -->
      </class> <!-- extent_report.extent -->
    </test> <!-- Default test -->
  </suite> <!-- Default suite -->
</testng-results>
